Determining if the pthread_create exist failed with the following output:
Change Dir: /media/jiapei/Data/Downloads/computervision/VOSM/build/CMakeFiles/CMakeTmp

Run Build Command:"/usr/bin/make" "cmTC_baae7/fast"
/usr/bin/make -f CMakeFiles/cmTC_baae7.dir/build.make CMakeFiles/cmTC_baae7.dir/build
make[1]: Entering directory '/media/jiapei/Data/Downloads/computervision/VOSM/build/CMakeFiles/CMakeTmp'
Building C object CMakeFiles/cmTC_baae7.dir/CheckSymbolExists.c.o
/usr/bin/cc   -fPIC    -o CMakeFiles/cmTC_baae7.dir/CheckSymbolExists.c.o   -c /media/jiapei/Data/Downloads/computervision/VOSM/build/CMakeFiles/CMakeTmp/CheckSymbolExists.c
Linking C executable cmTC_baae7
/usr/bin/cmake -E cmake_link_script CMakeFiles/cmTC_baae7.dir/link.txt --verbose=1
/usr/bin/cc -fPIC     -rdynamic CMakeFiles/cmTC_baae7.dir/CheckSymbolExists.c.o  -o cmTC_baae7 
CMakeFiles/cmTC_baae7.dir/CheckSymbolExists.c.o: In function `main':
CheckSymbolExists.c:(.text+0x1b): undefined reference to `pthread_create'
collect2: error: ld returned 1 exit status
CMakeFiles/cmTC_baae7.dir/build.make:97: recipe for target 'cmTC_baae7' failed
make[1]: *** [cmTC_baae7] Error 1
make[1]: Leaving directory '/media/jiapei/Data/Downloads/computervision/VOSM/build/CMakeFiles/CMakeTmp'
Makefile:126: recipe for target 'cmTC_baae7/fast' failed
make: *** [cmTC_baae7/fast] Error 2

File /media/jiapei/Data/Downloads/computervision/VOSM/build/CMakeFiles/CMakeTmp/CheckSymbolExists.c:
/* */
#include <pthread.h>

int main(int argc, char** argv)
{
  (void)argv;
#ifndef pthread_create
  return ((int*)(&pthread_create))[argc];
#else
  (void)argc;
  return 0;
#endif
}

Determining if the function pthread_create exists in the pthreads failed with the following output:
Change Dir: /media/jiapei/Data/Downloads/computervision/VOSM/build/CMakeFiles/CMakeTmp

Run Build Command:"/usr/bin/make" "cmTC_ef781/fast"
/usr/bin/make -f CMakeFiles/cmTC_ef781.dir/build.make CMakeFiles/cmTC_ef781.dir/build
make[1]: Entering directory '/media/jiapei/Data/Downloads/computervision/VOSM/build/CMakeFiles/CMakeTmp'
Building C object CMakeFiles/cmTC_ef781.dir/CheckFunctionExists.c.o
/usr/bin/cc   -fPIC -DCHECK_FUNCTION_EXISTS=pthread_create   -o CMakeFiles/cmTC_ef781.dir/CheckFunctionExists.c.o   -c /usr/share/cmake-3.10/Modules/CheckFunctionExists.c
Linking C executable cmTC_ef781
/usr/bin/cmake -E cmake_link_script CMakeFiles/cmTC_ef781.dir/link.txt --verbose=1
/usr/bin/cc -fPIC -DCHECK_FUNCTION_EXISTS=pthread_create    -rdynamic CMakeFiles/cmTC_ef781.dir/CheckFunctionExists.c.o  -o cmTC_ef781 -lpthreads 
/usr/bin/x86_64-linux-gnu-ld: cannot find -lpthreads
collect2: error: ld returned 1 exit status
CMakeFiles/cmTC_ef781.dir/build.make:97: recipe for target 'cmTC_ef781' failed
make[1]: *** [cmTC_ef781] Error 1
make[1]: Leaving directory '/media/jiapei/Data/Downloads/computervision/VOSM/build/CMakeFiles/CMakeTmp'
Makefile:126: recipe for target 'cmTC_ef781/fast' failed
make: *** [cmTC_ef781/fast] Error 2


